<?xml version="1.0" encoding="UTF-8"?>
<!-- Generated by org.testng.reporters.JUnitReportReporter -->
<testsuite hostname="LAPTOP-4TQR0IMD" failures="0" tests="1" name="crossBrowserTesting.ChromeBrowserTest" time="0.005" errors="0" timestamp="2023-06-19T21:42:41 IST" skipped="0">
  <testcase classname="crossBrowserTesting.ChromeBrowserTest" name="chromeTest" time="0.005"/>
</testsuite> <!-- crossBrowserTesting.ChromeBrowserTest -->
