<?xml version="1.0" encoding="UTF-8"?>
<!-- Generated by org.testng.reporters.JUnitReportReporter -->
<testsuite hostname="LAPTOP-4TQR0IMD" failures="0" tests="6" name="testNGStudy.My2ndTestNGProgram" time="0.017" errors="0" timestamp="2023-06-14T22:10:42 IST" skipped="0">
  <testcase classname="testNGStudy.My2ndTestNGProgram" name="validateGender" time="0.012">
    <system-out>
      <![CDATA[Female]]>
    </system-out>
  </testcase> <!-- validateGender -->
  <testcase classname="testNGStudy.My2ndTestNGProgram" name="validateUserName" time="0.002">
    <system-out>
      <![CDATA[Poonam]]>
    </system-out>
  </testcase> <!-- validateUserName -->
  <testcase classname="testNGStudy.My2ndTestNGProgram" name="validateUserName" time="0.001">
    <system-out>
      <![CDATA[Poonam]]>
    </system-out>
  </testcase> <!-- validateUserName -->
  <testcase classname="testNGStudy.My2ndTestNGProgram" name="validateMobNo" time="0.001">
    <system-out>
      <![CDATA[90679111404]]>
    </system-out>
  </testcase> <!-- validateMobNo -->
  <testcase classname="testNGStudy.My2ndTestNGProgram" name="validateUserName" time="0.001">
    <system-out>
      <![CDATA[Poonam]]>
    </system-out>
  </testcase> <!-- validateUserName -->
  <testcase classname="testNGStudy.My2ndTestNGProgram" name="validateUserName" time="0.000">
    <system-out>
      <![CDATA[Poonam]]>
    </system-out>
  </testcase> <!-- validateUserName -->
  <system-out>
    <![CDATA[Female
90679111404
Poonam
Poonam
Poonam
Poonam]]>
  </system-out>
</testsuite> <!-- testNGStudy.My2ndTestNGProgram -->
