<?xml version="1.0" encoding="UTF-8"?>
<!-- Generated by org.testng.reporters.JUnitReportReporter -->
<testsuite hostname="LAPTOP-4TQR0IMD" failures="0" tests="4" name="listener.SampleTest" time="0.540" errors="1" timestamp="2023-06-30T14:52:37 IST" skipped="1">
  <testcase classname="listener.SampleTest" name="TC2" time="0.521">
    <error message="Method listener.SampleTest.TC2() didn&#039;t finish within the time-out 500" type="org.testng.internal.thread.ThreadTimeoutException">
      <![CDATA[org.testng.internal.thread.ThreadTimeoutException: Method listener.SampleTest.TC2() didn't finish within the time-out 500
at java.base@17.0.6/java.lang.Thread.sleep(Native Method)
at app//listener.SampleTest.TC2(SampleTest.java:17)
at java.base@17.0.6/jdk.internal.reflect.NativeMethodAccessorImpl.invoke0(Native Method)
at java.base@17.0.6/jdk.internal.reflect.NativeMethodAccessorImpl.invoke(NativeMethodAccessorImpl.java:77)
at java.base@17.0.6/jdk.internal.reflect.DelegatingMethodAccessorImpl.invoke(DelegatingMethodAccessorImpl.java:43)
at java.base@17.0.6/java.lang.reflect.Method.invoke(Method.java:568)
at app//org.testng.internal.invokers.MethodInvocationHelper.invokeMethod(MethodInvocationHelper.java:139)
at app//org.testng.internal.invokers.InvokeMethodRunnable.runOne(InvokeMethodRunnable.java:47)
at app//org.testng.internal.invokers.InvokeMethodRunnable.call(InvokeMethodRunnable.java:76)
at app//org.testng.internal.invokers.InvokeMethodRunnable.call(InvokeMethodRunnable.java:11)
at java.base@17.0.6/java.util.concurrent.FutureTask.run(FutureTask.java:264)
at java.base@17.0.6/java.util.concurrent.ThreadPoolExecutor.runWorker(ThreadPoolExecutor.java:1136)
at java.base@17.0.6/java.util.concurrent.ThreadPoolExecutor$Worker.run(ThreadPoolExecutor.java:635)
at java.base@17.0.6/java.lang.Thread.run(Thread.java:833)
]]>
    </error>
    <system-out>
      <![CDATA[This method TC2execution is started
This method TC2is Failed]]>
    </system-out>
  </testcase> <!-- TC2 -->
  <testcase classname="listener.SampleTest" name="TC4" time="0.016">
    <system-out>
      <![CDATA[This method TC4execution is started
TC4 is running
This method TC4is running successfully]]>
    </system-out>
  </testcase> <!-- TC4 -->
  <testcase classname="listener.SampleTest" name="TC1" time="0.002">
    <system-out>
      <![CDATA[This method TC1execution is started
TC1 is running
This method TC1is running successfully]]>
    </system-out>
  </testcase> <!-- TC1 -->
  <testcase classname="listener.SampleTest" name="TC3" time="0.001">
    <skipped/>
    <system-out>
      <![CDATA[This TC TC3is skipped please check dependent method]]>
    </system-out>
  </testcase> <!-- TC3 -->
  <system-out>
    <![CDATA[This method TC2execution is started
This method TC2is Failed
This method TC1execution is started
TC1 is running
This method TC1is running successfully
This method TC4execution is started
TC4 is running
This method TC4is running successfully
This method TC3execution is started
This TC TC3is skipped please check dependent method]]>
  </system-out>
</testsuite> <!-- listener.SampleTest -->
