<?xml version="1.0" encoding="UTF-8"?>
<!-- Generated by org.testng.reporters.JUnitReportReporter -->
<testsuite hostname="LAPTOP-4TQR0IMD" failures="0" tests="2" name="tesNGAnnotationStudy.AnnotationsUse" time="0.008" errors="0" timestamp="2023-06-13T17:24:36 IST" skipped="0">
  <testcase classname="tesNGAnnotationStudy.AnnotationsUse" name="validateUserName" time="0.001"/>
  <testcase classname="tesNGAnnotationStudy.AnnotationsUse" name="validateGender" time="0.007"/>
</testsuite> <!-- tesNGAnnotationStudy.AnnotationsUse -->
