<?xml version="1.0" encoding="UTF-8"?>
<!-- Generated by org.testng.reporters.JUnitReportReporter -->
<testsuite hostname="LAPTOP-4TQR0IMD" failures="0" tests="8" name="tesNGAnnotationStudy.TestNGKeywordUse" time="1.029" errors="0" timestamp="2023-06-14T14:02:48 IST" skipped="1">
  <testcase classname="tesNGAnnotationStudy.TestNGKeywordUse" name="myMethod2" time="0.008">
    <system-out>
      <![CDATA[Mymethod2 is running]]>
    </system-out>
  </testcase> <!-- myMethod2 -->
  <testcase classname="tesNGAnnotationStudy.TestNGKeywordUse" name="myMethod3" time="0.001">
    <system-out>
      <![CDATA[Mymethod3 is running]]>
    </system-out>
  </testcase> <!-- myMethod3 -->
  <testcase classname="tesNGAnnotationStudy.TestNGKeywordUse" name="myMethod4" time="1.016">
    <system-out>
      <![CDATA[Mymethod4 is running]]>
    </system-out>
  </testcase> <!-- myMethod4 -->
  <testcase classname="tesNGAnnotationStudy.TestNGKeywordUse" name="myMethod1" time="0.001">
    <system-out>
      <![CDATA[Mymethod1 is running]]>
    </system-out>
  </testcase> <!-- myMethod1 -->
  <testcase classname="tesNGAnnotationStudy.TestNGKeywordUse" name="myMethod1" time="0.001">
    <system-out>
      <![CDATA[Mymethod1 is running]]>
    </system-out>
  </testcase> <!-- myMethod1 -->
  <testcase classname="tesNGAnnotationStudy.TestNGKeywordUse" name="myMethod1" time="0.001">
    <system-out>
      <![CDATA[Mymethod1 is running]]>
    </system-out>
  </testcase> <!-- myMethod1 -->
  <testcase classname="tesNGAnnotationStudy.TestNGKeywordUse" name="myMethod1" time="0.001">
    <system-out>
      <![CDATA[Mymethod1 is running]]>
    </system-out>
  </testcase> <!-- myMethod1 -->
  <testcase classname="tesNGAnnotationStudy.TestNGKeywordUse" name="myMethod5">
    <skipped/>
  </testcase> <!-- myMethod5 -->
  <system-out>
    <![CDATA[Mymethod2 is running
Mymethod3 is running
Mymethod1 is running
Mymethod1 is running
Mymethod1 is running
Mymethod1 is running
Mymethod4 is running]]>
  </system-out>
</testsuite> <!-- tesNGAnnotationStudy.TestNGKeywordUse -->
