<?xml version="1.0" encoding="UTF-8"?>
<!-- Generated by org.testng.reporters.JUnitReportReporter -->
<testsuite hostname="LAPTOP-4TQR0IMD" failures="0" tests="5" name="testNGxml.MethodStudy2" time="0.015" errors="0" timestamp="2023-06-17T13:38:25 IST" skipped="0">
  <testcase classname="testNGxml.MethodStudy2" name="myMethod7" time="0.004">
    <system-out>
      <![CDATA[Method7 is is reunning]]>
    </system-out>
  </testcase> <!-- myMethod7 -->
  <testcase classname="testNGxml.MethodStudy2" name="myMethod8" time="0.001">
    <system-out>
      <![CDATA[Method8 is is reunning]]>
    </system-out>
  </testcase> <!-- myMethod8 -->
  <testcase classname="testNGxml.MethodStudy2" name="myMethod12" time="0.002">
    <system-out>
      <![CDATA[Method12 is is reunning]]>
    </system-out>
  </testcase> <!-- myMethod12 -->
  <testcase classname="testNGxml.MethodStudy2" name="myMethod11" time="0.005">
    <system-out>
      <![CDATA[Method11 is is reunning]]>
    </system-out>
  </testcase> <!-- myMethod11 -->
  <testcase classname="testNGxml.MethodStudy2" name="myMethod10" time="0.003">
    <system-out>
      <![CDATA[Method10 is is reunning]]>
    </system-out>
  </testcase> <!-- myMethod10 -->
  <system-out>
    <![CDATA[Method1 is is reunning
Method2 is is reunning
Method3 is is reunning
Method10 is is reunning
Method11 is is reunning
Method12 is is reunning
Method7 is is reunning
Method8 is is reunning]]>
  </system-out>
</testsuite> <!-- testNGxml.MethodStudy2 -->
