<?xml version="1.0" encoding="UTF-8"?>
<!-- Generated by org.testng.reporters.JUnitReportReporter -->
<testsuite hostname="LAPTOP-4TQR0IMD" failures="0" tests="4" name="listener.SampleTest1" time="0.523" errors="1" timestamp="2023-06-30T15:16:03 IST" skipped="1">
  <testcase classname="listener.SampleTest1" name="TC2" time="0.516">
    <error message="Method listener.SampleTest1.TC2() didn&#039;t finish within the time-out 500" type="org.testng.internal.thread.ThreadTimeoutException">
      <![CDATA[org.testng.internal.thread.ThreadTimeoutException: Method listener.SampleTest1.TC2() didn't finish within the time-out 500
at java.base@17.0.6/java.lang.Thread.sleep(Native Method)
at app//listener.SampleTest1.TC2(SampleTest1.java:17)
at java.base@17.0.6/jdk.internal.reflect.NativeMethodAccessorImpl.invoke0(Native Method)
at java.base@17.0.6/jdk.internal.reflect.NativeMethodAccessorImpl.invoke(NativeMethodAccessorImpl.java:77)
at java.base@17.0.6/jdk.internal.reflect.DelegatingMethodAccessorImpl.invoke(DelegatingMethodAccessorImpl.java:43)
at java.base@17.0.6/java.lang.reflect.Method.invoke(Method.java:568)
at app//org.testng.internal.invokers.MethodInvocationHelper.invokeMethod(MethodInvocationHelper.java:139)
at app//org.testng.internal.invokers.InvokeMethodRunnable.runOne(InvokeMethodRunnable.java:47)
at app//org.testng.internal.invokers.InvokeMethodRunnable.call(InvokeMethodRunnable.java:76)
at app//org.testng.internal.invokers.InvokeMethodRunnable.call(InvokeMethodRunnable.java:11)
at java.base@17.0.6/java.util.concurrent.FutureTask.run(FutureTask.java:264)
at java.base@17.0.6/java.util.concurrent.ThreadPoolExecutor.runWorker(ThreadPoolExecutor.java:1136)
at java.base@17.0.6/java.util.concurrent.ThreadPoolExecutor$Worker.run(ThreadPoolExecutor.java:635)
at java.base@17.0.6/java.lang.Thread.run(Thread.java:833)
]]>
    </error>
    <system-out>
      <![CDATA[This method TC2execution is started
This method TC2is Failed]]>
    </system-out>
  </testcase> <!-- TC2 -->
  <testcase classname="listener.SampleTest1" name="TC4" time="0.005">
    <system-out>
      <![CDATA[This method TC4execution is started
TC4 is running
This method TC4is running successfully]]>
    </system-out>
  </testcase> <!-- TC4 -->
  <testcase classname="listener.SampleTest1" name="TC3" time="0.000">
    <skipped/>
    <system-out>
      <![CDATA[This TC TC3is skipped please check dependent method]]>
    </system-out>
  </testcase> <!-- TC3 -->
  <testcase classname="listener.SampleTest1" name="TC1" time="0.002">
    <system-out>
      <![CDATA[This method TC1execution is started
TC1 is running
This method TC1is running successfully]]>
    </system-out>
  </testcase> <!-- TC1 -->
  <system-out>
    <![CDATA[This method TC5execution is started
TC5 is running
This method TC5is running successfully
This method TC6execution is started
TC6 is running
This method TC6is running successfully
This method TC7execution is started
TC7 is running
This method TC7is running successfully
This method TC8execution is started
TC8 is running
This method TC8is running successfully
This method TC2execution is started
This method TC2is Failed
This method TC1execution is started
TC1 is running
This method TC1is running successfully
This method TC4execution is started
TC4 is running
This method TC4is running successfully
This method TC3execution is started
This TC TC3is skipped please check dependent method]]>
  </system-out>
</testsuite> <!-- listener.SampleTest1 -->
