<?xml version="1.0" encoding="UTF-8"?>
<!-- Generated by org.testng.reporters.JUnitReportReporter -->
<testsuite hostname="LAPTOP-4TQR0IMD" failures="0" tests="1" name="testClassUse.ValidateUserNameByUsingExcel" time="6.965" errors="0" timestamp="2023-07-05T23:43:01 IST" skipped="0">
  <testcase classname="testClassUse.ValidateUserNameByUsingExcel" name="verifyUserName" time="6.965">
    <system-out>
      <![CDATA[TcverifyUserNameis running successfully]]>
    </system-out>
  </testcase> <!-- verifyUserName -->
  <system-out>
    <![CDATA[TcverifyUserNameis running successfully]]>
  </system-out>
</testsuite> <!-- testClassUse.ValidateUserNameByUsingExcel -->
