<?xml version="1.0" encoding="UTF-8"?>
<!-- Generated by org.testng.reporters.JUnitReportReporter -->
<testsuite hostname="LAPTOP-4TQR0IMD" failures="0" tests="1" name="pomPolicyUsingTestNG.ValidateUserName1" time="7.175" errors="0" timestamp="2023-07-05T23:44:14 IST" skipped="0">
  <testcase classname="pomPolicyUsingTestNG.ValidateUserName1" name="verifyUserName" time="7.175">
    <system-out>
      <![CDATA[TcverifyUserNameis running successfully]]>
    </system-out>
  </testcase> <!-- verifyUserName -->
  <system-out>
    <![CDATA[TcverifyUserNameis running successfully]]>
  </system-out>
</testsuite> <!-- pomPolicyUsingTestNG.ValidateUserName1 -->
