<?xml version="1.0" encoding="UTF-8"?>
<!-- Generated by org.testng.reporters.JUnitReportReporter -->
<testsuite hostname="LAPTOP-4TQR0IMD" failures="0" tests="3" name="testNGxml.GroupStudy1" time="0.011" errors="0" timestamp="2023-06-17T14:04:35 IST" skipped="0">
  <testcase classname="testNGxml.GroupStudy1" name="myMethod6" time="0.003">
    <system-out>
      <![CDATA[Method6 is running]]>
    </system-out>
  </testcase> <!-- myMethod6 -->
  <testcase classname="testNGxml.GroupStudy1" name="myMethod2" time="0.007">
    <system-out>
      <![CDATA[Method2 is running]]>
    </system-out>
  </testcase> <!-- myMethod2 -->
  <testcase classname="testNGxml.GroupStudy1" name="myMethod4" time="0.001">
    <system-out>
      <![CDATA[Method4 is running]]>
    </system-out>
  </testcase> <!-- myMethod4 -->
  <system-out>
    <![CDATA[Method2 is running
Method4 is running
Method6 is running
Method10 is running
Method11 is running
Method12 is running
Method8 is running]]>
  </system-out>
</testsuite> <!-- testNGxml.GroupStudy1 -->
