<?xml version="1.0" encoding="UTF-8"?>
<!-- Generated by org.testng.reporters.JUnitReportReporter -->
<testsuite hostname="LAPTOP-4TQR0IMD" failures="0" tests="2" name="testNGStudy.ReporterlogClass" time="0.009" errors="0" timestamp="2023-06-13T16:39:28 IST" skipped="0">
  <testcase classname="testNGStudy.ReporterlogClass" name="myMethod" time="0.002">
    <system-out>
      <![CDATA[myMethod is running]]>
    </system-out>
  </testcase> <!-- myMethod -->
  <testcase classname="testNGStudy.ReporterlogClass" name="f" time="0.007">
    <system-out>
      <![CDATA[Good
Best]]>
    </system-out>
  </testcase> <!-- f -->
  <system-out>
    <![CDATA[Good
Best
myMethod is running]]>
  </system-out>
</testsuite> <!-- testNGStudy.ReporterlogClass -->
