<?xml version="1.0" encoding="UTF-8"?>
<!-- Generated by org.testng.reporters.JUnitReportReporter -->
<testsuite hostname="LAPTOP-4TQR0IMD" failures="0" tests="1" name="pomPolicyTestNGMock.ValidateSignInButton" time="2.400" errors="0" timestamp="2023-06-22T22:23:21 IST" skipped="0">
  <testcase classname="pomPolicyTestNGMock.ValidateSignInButton" name="VerifyMobNumber" time="2.400"/>
</testsuite> <!-- pomPolicyTestNGMock.ValidateSignInButton -->
