<?xml version="1.0" encoding="UTF-8"?>
<!-- Generated by org.testng.reporters.JUnitReportReporter -->
<testsuite hostname="LAPTOP-4TQR0IMD" failures="0" tests="4" name="testNGxml.GroupStudy2" time="0.008" errors="0" timestamp="2023-06-17T14:04:35 IST" skipped="0">
  <testcase classname="testNGxml.GroupStudy2" name="myMethod10" time="0.001">
    <system-out>
      <![CDATA[Method10 is running]]>
    </system-out>
  </testcase> <!-- myMethod10 -->
  <testcase classname="testNGxml.GroupStudy2" name="myMethod11" time="0.004">
    <system-out>
      <![CDATA[Method11 is running]]>
    </system-out>
  </testcase> <!-- myMethod11 -->
  <testcase classname="testNGxml.GroupStudy2" name="myMethod8" time="0.001">
    <system-out>
      <![CDATA[Method8 is running]]>
    </system-out>
  </testcase> <!-- myMethod8 -->
  <testcase classname="testNGxml.GroupStudy2" name="myMethod12" time="0.002">
    <system-out>
      <![CDATA[Method12 is running]]>
    </system-out>
  </testcase> <!-- myMethod12 -->
  <system-out>
    <![CDATA[Method2 is running
Method4 is running
Method6 is running
Method10 is running
Method11 is running
Method12 is running
Method8 is running]]>
  </system-out>
</testsuite> <!-- testNGxml.GroupStudy2 -->
