<?xml version="1.0" encoding="UTF-8"?>
<!-- Generated by org.testng.reporters.JUnitReportReporter -->
<testsuite hostname="LAPTOP-4TQR0IMD" failures="0" tests="1" name="testNGStudy.my1stTestNGClass" time="5.950" errors="0" timestamp="2023-06-12T23:55:40 IST" skipped="0">
  <testcase classname="testNGStudy.my1stTestNGClass" name="f" time="5.950"/>
</testsuite> <!-- testNGStudy.my1stTestNGClass -->
