<?xml version="1.0" encoding="UTF-8"?>
<!-- Generated by org.testng.reporters.JUnitReportReporter -->
<testsuite hostname="LAPTOP-4TQR0IMD" failures="0" tests="3" name="testNGxml.MethodStudy1" time="0.011" errors="0" timestamp="2023-06-17T13:47:23 IST" skipped="0">
  <testcase classname="testNGxml.MethodStudy1" name="myMethod3" time="0.001">
    <system-out>
      <![CDATA[Method3 is is reunning]]>
    </system-out>
  </testcase> <!-- myMethod3 -->
  <testcase classname="testNGxml.MethodStudy1" name="myMethod5" time="0.002">
    <system-out>
      <![CDATA[Method5 is is reunning]]>
    </system-out>
  </testcase> <!-- myMethod5 -->
  <testcase classname="testNGxml.MethodStudy1" name="myMethod1" time="0.008">
    <system-out>
      <![CDATA[Method1 is is reunning]]>
    </system-out>
  </testcase> <!-- myMethod1 -->
  <system-out>
    <![CDATA[Method1 is is reunning
Method3 is is reunning
Method5 is is reunning]]>
  </system-out>
</testsuite> <!-- testNGxml.MethodStudy1 -->
