<?xml version="1.0" encoding="UTF-8"?>
<!-- Generated by org.testng.reporters.JUnitReportReporter -->
<testsuite hostname="LAPTOP-4TQR0IMD" failures="0" tests="1" name="serial_Parallel.OpenFB" time="2.478" errors="0" timestamp="2023-06-17T17:44:22 IST" skipped="0">
  <testcase classname="serial_Parallel.OpenFB" name="fb" time="2.478"/>
</testsuite> <!-- serial_Parallel.OpenFB -->
