<?xml version="1.0" encoding="UTF-8"?>
<!-- Generated by org.testng.reporters.JUnitReportReporter -->
<testsuite hostname="LAPTOP-4TQR0IMD" failures="0" tests="1" name="crossBrowserTesting.MicrosoftEdgeBrowser" time="9.131" errors="0" timestamp="2023-06-19T14:34:14 IST" skipped="0">
  <testcase classname="crossBrowserTesting.MicrosoftEdgeBrowser" name="test" time="9.131"/>
</testsuite> <!-- crossBrowserTesting.MicrosoftEdgeBrowser -->
