<?xml version="1.0" encoding="UTF-8"?>
<!-- Generated by org.testng.reporters.JUnitReportReporter -->
<testsuite hostname="LAPTOP-4TQR0IMD" failures="0" tests="2" name="dataProvider.CreateFBAccount" time="12.631" errors="0" timestamp="2023-07-05T19:14:48 IST" skipped="0">
  <testcase classname="dataProvider.CreateFBAccount" name="fbAcc" time="7.026"/>
  <testcase classname="dataProvider.CreateFBAccount" name="fbAcc" time="5.605"/>
</testsuite> <!-- dataProvider.CreateFBAccount -->
