<?xml version="1.0" encoding="UTF-8"?>
<!-- Generated by org.testng.reporters.JUnitReportReporter -->
<testsuite hostname="LAPTOP-4TQR0IMD" failures="0" tests="2" name="tesNGAnnotationStudy.TestNGAnnotations1" time="0.005" errors="0" timestamp="2023-06-14T22:43:39 IST" skipped="0">
  <testcase classname="tesNGAnnotationStudy.TestNGAnnotations1" name="myMethod1" time="0.004">
    <system-out>
      <![CDATA[test annotation]]>
    </system-out>
  </testcase> <!-- myMethod1 -->
  <testcase classname="tesNGAnnotationStudy.TestNGAnnotations1" name="myMethod6" time="0.001">
    <system-out>
      <![CDATA[test annotation]]>
    </system-out>
  </testcase> <!-- myMethod6 -->
  <system-out>
    <![CDATA[Beforeclass annotation
BeforeMethod annotation
test annotation
AfterMethod annotation
BeforeMethod annotation
test annotation
AfterMethod annotation
AfterClass annotation]]>
  </system-out>
</testsuite> <!-- tesNGAnnotationStudy.TestNGAnnotations1 -->
