<?xml version="1.0" encoding="UTF-8"?>
<!-- Generated by org.testng.reporters.JUnitReportReporter -->
<testsuite hostname="LAPTOP-4TQR0IMD" failures="0" tests="1" name="crossBrowserTesting.FireFoxBrowserUse" time="3.667" errors="0" timestamp="2023-06-17T17:58:36 IST" skipped="0">
  <testcase classname="crossBrowserTesting.FireFoxBrowserUse" name="fb" time="3.667"/>
</testsuite> <!-- crossBrowserTesting.FireFoxBrowserUse -->
