<?xml version="1.0" encoding="UTF-8"?>
<!-- Generated by org.testng.reporters.JUnitReportReporter -->
<testsuite hostname="LAPTOP-4TQR0IMD" failures="0" tests="1" name="testClassUse.ValidateUserName1" time="7.568" errors="0" timestamp="2023-07-05T23:43:44 IST" skipped="0">
  <testcase classname="testClassUse.ValidateUserName1" name="verifyUserName" time="7.568">
    <system-out>
      <![CDATA[TcverifyUserNameis running successfully]]>
    </system-out>
  </testcase> <!-- verifyUserName -->
  <system-out>
    <![CDATA[TcverifyUserNameis running successfully]]>
  </system-out>
</testsuite> <!-- testClassUse.ValidateUserName1 -->
