<?xml version="1.0" encoding="UTF-8"?>
<!-- Generated by org.testng.reporters.JUnitReportReporter -->
<testsuite hostname="LAPTOP-4TQR0IMD" failures="0" tests="6" name="tesNGAnnotationStudy.DependsOnMethods" time="0.013" errors="0" timestamp="2023-06-17T12:52:20 IST" skipped="0">
  <testcase classname="tesNGAnnotationStudy.DependsOnMethods" name="login" time="0.001">
    <system-out>
      <![CDATA[login succesful...]]>
    </system-out>
  </testcase> <!-- login -->
  <testcase classname="tesNGAnnotationStudy.DependsOnMethods" name="login" time="0.000">
    <system-out>
      <![CDATA[login succesful...]]>
    </system-out>
  </testcase> <!-- login -->
  <testcase classname="tesNGAnnotationStudy.DependsOnMethods" name="login" time="0.004">
    <system-out>
      <![CDATA[login succesful...]]>
    </system-out>
  </testcase> <!-- login -->
  <testcase classname="tesNGAnnotationStudy.DependsOnMethods" name="login" time="0.000">
    <system-out>
      <![CDATA[login succesful...]]>
    </system-out>
  </testcase> <!-- login -->
  <testcase classname="tesNGAnnotationStudy.DependsOnMethods" name="enterPwd" time="0.007">
    <system-out>
      <![CDATA[Password]]>
    </system-out>
  </testcase> <!-- enterPwd -->
  <testcase classname="tesNGAnnotationStudy.DependsOnMethods" name="enterUN" time="0.001">
    <system-out>
      <![CDATA[Username]]>
    </system-out>
  </testcase> <!-- enterUN -->
  <system-out>
    <![CDATA[Password
Username
login succesful...
login succesful...
login succesful...
login succesful...]]>
  </system-out>
</testsuite> <!-- tesNGAnnotationStudy.DependsOnMethods -->
