<?xml version="1.0" encoding="UTF-8"?>
<!-- Generated by org.testng.reporters.JUnitReportReporter -->
<testsuite hostname="LAPTOP-4TQR0IMD" failures="0" tests="4" name="testNGStudy.TestAnnotationUse" time="0.015" errors="0" timestamp="2023-06-13T16:41:31 IST" skipped="0">
  <testcase classname="testNGStudy.TestAnnotationUse" name="myMethod4" time="0.003">
    <system-out>
      <![CDATA[myMethod4 is running]]>
    </system-out>
  </testcase> <!-- myMethod4 -->
  <testcase classname="testNGStudy.TestAnnotationUse" name="myMethod2" time="0.001">
    <system-out>
      <![CDATA[myMethod2 is running]]>
    </system-out>
  </testcase> <!-- myMethod2 -->
  <testcase classname="testNGStudy.TestAnnotationUse" name="myMethod1" time="0.008">
    <system-out>
      <![CDATA[myMethod1 is running]]>
    </system-out>
  </testcase> <!-- myMethod1 -->
  <testcase classname="testNGStudy.TestAnnotationUse" name="myMethod3" time="0.003">
    <system-out>
      <![CDATA[myMethod3 is running]]>
    </system-out>
  </testcase> <!-- myMethod3 -->
  <system-out>
    <![CDATA[myMethod1 is running
myMethod2 is running
myMethod3 is running
myMethod4 is running]]>
  </system-out>
</testsuite> <!-- testNGStudy.TestAnnotationUse -->
